  HomeworkFor1-2Module.cpp
C:\Users\PC\Desktop\Repos\23-Home-2\HomeworkFor1-2Module\HomeworkFor1-2Module\MatrixClass.h(457,15): warning C4244: 'initializing': conversion from 'int' to 'float', possible loss of data
  (compiling source file 'HomeworkFor1-2Module.cpp')
  C:\Users\PC\Desktop\Repos\23-Home-2\HomeworkFor1-2Module\HomeworkFor1-2Module\MatrixClass.h(457,15):
  the template instantiation context (the oldest one first) is
  	C:\Users\PC\Desktop\Repos\23-Home-2\HomeworkFor1-2Module\HomeworkFor1-2Module\HomeworkFor1-2Module.cpp(9,24):
  	see reference to class template instantiation 'MatrixClass<float>' being compiled
  	C:\Users\PC\Desktop\Repos\23-Home-2\HomeworkFor1-2Module\HomeworkFor1-2Module\MatrixClass.h(455,14):
  	while compiling class template member function 'MatrixClass<float> MatrixClass<float>::operator !(void)'
  		C:\Users\PC\Desktop\Repos\23-Home-2\HomeworkFor1-2Module\HomeworkFor1-2Module\HomeworkFor1-2Module.cpp(12,24):
  		see the first reference to 'MatrixClass<float>::operator !' in 'main'
  
C:\Users\PC\Desktop\Repos\23-Home-2\HomeworkFor1-2Module\HomeworkFor1-2Module\MatrixClass.h(474,21): warning C4018: '<': signed/unsigned mismatch
  (compiling source file 'HomeworkFor1-2Module.cpp')
  
C:\Users\PC\Desktop\Repos\23-Home-2\HomeworkFor1-2Module\HomeworkFor1-2Module\MatrixClass.h(475,22): warning C4018: '<': signed/unsigned mismatch
  (compiling source file 'HomeworkFor1-2Module.cpp')
  
C:\Users\PC\Desktop\Repos\23-Home-2\HomeworkFor1-2Module\HomeworkFor1-2Module\MatrixClass.h(478,23): warning C4018: '<': signed/unsigned mismatch
  (compiling source file 'HomeworkFor1-2Module.cpp')
  
C:\Users\PC\Desktop\Repos\23-Home-2\HomeworkFor1-2Module\HomeworkFor1-2Module\MatrixClass.h(482,24): warning C4018: '<': signed/unsigned mismatch
  (compiling source file 'HomeworkFor1-2Module.cpp')
  
C:\Users\PC\Desktop\Repos\23-Home-2\HomeworkFor1-2Module\HomeworkFor1-2Module\MatrixClass.h(488,74): warning C4244: '=': conversion from 'double' to 'float', possible loss of data
  (compiling source file 'HomeworkFor1-2Module.cpp')
  
C:\Users\PC\Desktop\Repos\23-Home-2\HomeworkFor1-2Module\HomeworkFor1-2Module\MatrixClass.h(401,25): warning C4244: '=': conversion from 'int' to 'float', possible loss of data
  (compiling source file 'HomeworkFor1-2Module.cpp')
  C:\Users\PC\Desktop\Repos\23-Home-2\HomeworkFor1-2Module\HomeworkFor1-2Module\MatrixClass.h(401,25):
  the template instantiation context (the oldest one first) is
  	C:\Users\PC\Desktop\Repos\23-Home-2\HomeworkFor1-2Module\HomeworkFor1-2Module\MatrixClass.h(391,7):
  	while compiling class template member function 'void MatrixClass<float>::InitializeMatrixFromConsole(void)'
  		C:\Users\PC\Desktop\Repos\23-Home-2\HomeworkFor1-2Module\HomeworkFor1-2Module\HomeworkFor1-2Module.cpp(10,41):
  		see the first reference to 'MatrixClass<float>::InitializeMatrixFromConsole' in 'main'
  
C:\Users\PC\Desktop\Repos\23-Home-2\HomeworkFor1-2Module\HomeworkFor1-2Module\MatrixClass.h(312,21): warning C4018: '<': signed/unsigned mismatch
  (compiling source file 'HomeworkFor1-2Module.cpp')
  C:\Users\PC\Desktop\Repos\23-Home-2\HomeworkFor1-2Module\HomeworkFor1-2Module\MatrixClass.h(312,21):
  the template instantiation context (the oldest one first) is
  	C:\Users\PC\Desktop\Repos\23-Home-2\HomeworkFor1-2Module\HomeworkFor1-2Module\MatrixClass.h(310,7):
  	while compiling class template member function 'bool MatrixClass<float>::operator ==(int)'
  		C:\Users\PC\Desktop\Repos\23-Home-2\HomeworkFor1-2Module\HomeworkFor1-2Module\HomeworkFor1-2Module.cpp(57,5):
  		see the first reference to 'MatrixClass<float>::operator ==' in 'main'
  
C:\Users\PC\Desktop\Repos\23-Home-2\HomeworkFor1-2Module\HomeworkFor1-2Module\MatrixClass.h(316,21): warning C4018: '<': signed/unsigned mismatch
  (compiling source file 'HomeworkFor1-2Module.cpp')
  
C:\Users\PC\Desktop\Repos\23-Home-2\HomeworkFor1-2Module\HomeworkFor1-2Module\MatrixClass.h(317,22): warning C4018: '<': signed/unsigned mismatch
  (compiling source file 'HomeworkFor1-2Module.cpp')
  
C:\Users\PC\Desktop\Repos\23-Home-2\HomeworkFor1-2Module\HomeworkFor1-2Module\MatrixClass.h(216,21): warning C4018: '<': signed/unsigned mismatch
  (compiling source file 'HomeworkFor1-2Module.cpp')
  C:\Users\PC\Desktop\Repos\23-Home-2\HomeworkFor1-2Module\HomeworkFor1-2Module\MatrixClass.h(216,21):
  the template instantiation context (the oldest one first) is
  	C:\Users\PC\Desktop\Repos\23-Home-2\HomeworkFor1-2Module\HomeworkFor1-2Module\MatrixClass.h(214,7):
  	while compiling class template member function 'void MatrixClass<float>::operator *(int)'
  		C:\Users\PC\Desktop\Repos\23-Home-2\HomeworkFor1-2Module\HomeworkFor1-2Module\HomeworkFor1-2Module.cpp(41,20):
  		see the first reference to 'MatrixClass<float>::operator *' in 'main'
  
C:\Users\PC\Desktop\Repos\23-Home-2\HomeworkFor1-2Module\HomeworkFor1-2Module\MatrixClass.h(217,22): warning C4018: '<': signed/unsigned mismatch
  (compiling source file 'HomeworkFor1-2Module.cpp')
  
C:\Users\PC\Desktop\Repos\23-Home-2\HomeworkFor1-2Module\HomeworkFor1-2Module\MatrixClass.h(201,23): warning C4018: '<': signed/unsigned mismatch
  (compiling source file 'HomeworkFor1-2Module.cpp')
  C:\Users\PC\Desktop\Repos\23-Home-2\HomeworkFor1-2Module\HomeworkFor1-2Module\MatrixClass.h(201,23):
  the template instantiation context (the oldest one first) is
  	C:\Users\PC\Desktop\Repos\23-Home-2\HomeworkFor1-2Module\HomeworkFor1-2Module\MatrixClass.h(167,7):
  	while compiling class template member function 'void MatrixClass<float>::operator *(MatrixClass<float> &)'
  		C:\Users\PC\Desktop\Repos\23-Home-2\HomeworkFor1-2Module\HomeworkFor1-2Module\HomeworkFor1-2Module.cpp(38,20):
  		see the first reference to 'MatrixClass<float>::operator *' in 'main'
  
C:\Users\PC\Desktop\Repos\23-Home-2\HomeworkFor1-2Module\HomeworkFor1-2Module\MatrixClass.h(203,38): warning C4244: '+=': conversion from 'float' to 'int', possible loss of data
  (compiling source file 'HomeworkFor1-2Module.cpp')
  
C:\Users\PC\Desktop\Repos\23-Home-2\HomeworkFor1-2Module\HomeworkFor1-2Module\MatrixClass.h(205,35): warning C4244: '=': conversion from 'int' to 'float', possible loss of data
  (compiling source file 'HomeworkFor1-2Module.cpp')
  
C:\Users\PC\Desktop\Repos\23-Home-2\HomeworkFor1-2Module\HomeworkFor1-2Module\MatrixClass.h(161,21): warning C4018: '<': signed/unsigned mismatch
  (compiling source file 'HomeworkFor1-2Module.cpp')
  C:\Users\PC\Desktop\Repos\23-Home-2\HomeworkFor1-2Module\HomeworkFor1-2Module\MatrixClass.h(161,21):
  the template instantiation context (the oldest one first) is
  	C:\Users\PC\Desktop\Repos\23-Home-2\HomeworkFor1-2Module\HomeworkFor1-2Module\MatrixClass.h(157,7):
  	while compiling class template member function 'void MatrixClass<float>::LinePlusMultiplyLine(int,int,int)'
  		C:\Users\PC\Desktop\Repos\23-Home-2\HomeworkFor1-2Module\HomeworkFor1-2Module\HomeworkFor1-2Module.cpp(53,40):
  		see the first reference to 'MatrixClass<float>::LinePlusMultiplyLine' in 'main'
  
C:\Users\PC\Desktop\Repos\23-Home-2\HomeworkFor1-2Module\HomeworkFor1-2Module\MatrixClass.h(151,21): warning C4018: '<': signed/unsigned mismatch
  (compiling source file 'HomeworkFor1-2Module.cpp')
  C:\Users\PC\Desktop\Repos\23-Home-2\HomeworkFor1-2Module\HomeworkFor1-2Module\MatrixClass.h(151,21):
  the template instantiation context (the oldest one first) is
  	C:\Users\PC\Desktop\Repos\23-Home-2\HomeworkFor1-2Module\HomeworkFor1-2Module\MatrixClass.h(148,7):
  	while compiling class template member function 'void MatrixClass<float>::MultiplyLine(int,int)'
  		C:\Users\PC\Desktop\Repos\23-Home-2\HomeworkFor1-2Module\HomeworkFor1-2Module\HomeworkFor1-2Module.cpp(49,32):
  		see the first reference to 'MatrixClass<float>::MultiplyLine' in 'main'
  
C:\Users\PC\Desktop\Repos\23-Home-2\HomeworkFor1-2Module\HomeworkFor1-2Module\MatrixClass.h(140,21): warning C4018: '<': signed/unsigned mismatch
  (compiling source file 'HomeworkFor1-2Module.cpp')
  C:\Users\PC\Desktop\Repos\23-Home-2\HomeworkFor1-2Module\HomeworkFor1-2Module\MatrixClass.h(140,21):
  the template instantiation context (the oldest one first) is
  	C:\Users\PC\Desktop\Repos\23-Home-2\HomeworkFor1-2Module\HomeworkFor1-2Module\MatrixClass.h(136,7):
  	while compiling class template member function 'void MatrixClass<float>::ChangePlaceOfLines(int,int)'
  		C:\Users\PC\Desktop\Repos\23-Home-2\HomeworkFor1-2Module\HomeworkFor1-2Module\HomeworkFor1-2Module.cpp(45,38):
  		see the first reference to 'MatrixClass<float>::ChangePlaceOfLines' in 'main'
  
C:\Users\PC\Desktop\Repos\23-Home-2\HomeworkFor1-2Module\HomeworkFor1-2Module\MatrixClass.h(142,10): warning C4244: 'initializing': conversion from 'float' to 'int', possible loss of data
  (compiling source file 'HomeworkFor1-2Module.cpp')
  
C:\Users\PC\Desktop\Repos\23-Home-2\HomeworkFor1-2Module\HomeworkFor1-2Module\MatrixClass.h(144,28): warning C4244: '=': conversion from 'int' to 'float', possible loss of data
  (compiling source file 'HomeworkFor1-2Module.cpp')
  
C:\Users\PC\Desktop\Repos\23-Home-2\HomeworkFor1-2Module\HomeworkFor1-2Module\MatrixClass.h(95,21): warning C4018: '<': signed/unsigned mismatch
  (compiling source file 'HomeworkFor1-2Module.cpp')
  C:\Users\PC\Desktop\Repos\23-Home-2\HomeworkFor1-2Module\HomeworkFor1-2Module\MatrixClass.h(95,21):
  the template instantiation context (the oldest one first) is
  	C:\Users\PC\Desktop\Repos\23-Home-2\HomeworkFor1-2Module\HomeworkFor1-2Module\MatrixClass.h(93,7):
  	while compiling class template member function 'void MatrixClass<float>::ShowMatrix(void)'
  		C:\Users\PC\Desktop\Repos\23-Home-2\HomeworkFor1-2Module\HomeworkFor1-2Module\HomeworkFor1-2Module.cpp(11,24):
  		see the first reference to 'MatrixClass<float>::ShowMatrix' in 'main'
  
C:\Users\PC\Desktop\Repos\23-Home-2\HomeworkFor1-2Module\HomeworkFor1-2Module\MatrixClass.h(96,22): warning C4018: '<': signed/unsigned mismatch
  (compiling source file 'HomeworkFor1-2Module.cpp')
  
C:\Users\PC\Desktop\Repos\23-Home-2\HomeworkFor1-2Module\HomeworkFor1-2Module\MatrixClass.h(57,21): warning C4018: '<': signed/unsigned mismatch
  (compiling source file 'HomeworkFor1-2Module.cpp')
  C:\Users\PC\Desktop\Repos\23-Home-2\HomeworkFor1-2Module\HomeworkFor1-2Module\MatrixClass.h(57,21):
  the template instantiation context (the oldest one first) is
  	C:\Users\PC\Desktop\Repos\23-Home-2\HomeworkFor1-2Module\HomeworkFor1-2Module\MatrixClass.h(52,2):
  	while compiling class template member function 'MatrixClass<float>::MatrixClass(MatrixClass<float> &)'
  		C:\Users\PC\Desktop\Repos\23-Home-2\HomeworkFor1-2Module\HomeworkFor1-2Module\HomeworkFor1-2Module.cpp(63,5):
  		see the first reference to 'MatrixClass<float>::MatrixClass' in 'main'
  
C:\Users\PC\Desktop\Repos\23-Home-2\HomeworkFor1-2Module\HomeworkFor1-2Module\MatrixClass.h(16,21): warning C4018: '<': signed/unsigned mismatch
  (compiling source file 'HomeworkFor1-2Module.cpp')
  C:\Users\PC\Desktop\Repos\23-Home-2\HomeworkFor1-2Module\HomeworkFor1-2Module\MatrixClass.h(16,21):
  the template instantiation context (the oldest one first) is
  	C:\Users\PC\Desktop\Repos\23-Home-2\HomeworkFor1-2Module\HomeworkFor1-2Module\MatrixClass.h(14,3):
  	while compiling class template member function 'MatrixClass<float>::~MatrixClass(void)'
  		C:\Users\PC\Desktop\Repos\23-Home-2\HomeworkFor1-2Module\HomeworkFor1-2Module\HomeworkFor1-2Module.cpp(9,32):
  		see the first reference to 'MatrixClass<float>::~MatrixClass' in 'main'
  
C:\Users\PC\Desktop\Repos\23-Home-2\HomeworkFor1-2Module\HomeworkFor1-2Module\MatrixClass.h(428,22): warning C4244: 'return': conversion from 'float' to 'int', possible loss of data
  (compiling source file 'HomeworkFor1-2Module.cpp')
  C:\Users\PC\Desktop\Repos\23-Home-2\HomeworkFor1-2Module\HomeworkFor1-2Module\MatrixClass.h(428,22):
  the template instantiation context (the oldest one first) is
  	C:\Users\PC\Desktop\Repos\23-Home-2\HomeworkFor1-2Module\HomeworkFor1-2Module\MatrixClass.h(422,6):
  	while compiling class template member function 'int MatrixClass<float>::opredelitel(void)'
  		C:\Users\PC\Desktop\Repos\23-Home-2\HomeworkFor1-2Module\HomeworkFor1-2Module\MatrixClass.h(457,15):
  		see the first reference to 'MatrixClass<float>::opredelitel' in 'MatrixClass<float>::operator !'
  		C:\Users\PC\Desktop\Repos\23-Home-2\HomeworkFor1-2Module\HomeworkFor1-2Module\HomeworkFor1-2Module.cpp(12,24):
  		see the first reference to 'MatrixClass<float>::operator !' in 'main'
  
C:\Users\PC\Desktop\Repos\23-Home-2\HomeworkFor1-2Module\HomeworkFor1-2Module\MatrixClass.h(432,40): warning C4244: '=': conversion from 'float' to 'int', possible loss of data
  (compiling source file 'HomeworkFor1-2Module.cpp')
  
C:\Users\PC\Desktop\Repos\23-Home-2\HomeworkFor1-2Module\HomeworkFor1-2Module\MatrixClass.h(435,22): warning C4018: '<': signed/unsigned mismatch
  (compiling source file 'HomeworkFor1-2Module.cpp')
  
C:\Users\PC\Desktop\Repos\23-Home-2\HomeworkFor1-2Module\HomeworkFor1-2Module\MatrixClass.h(437,23): warning C4018: '<': signed/unsigned mismatch
  (compiling source file 'HomeworkFor1-2Module.cpp')
  
C:\Users\PC\Desktop\Repos\23-Home-2\HomeworkFor1-2Module\HomeworkFor1-2Module\MatrixClass.h(439,24): warning C4018: '<': signed/unsigned mismatch
  (compiling source file 'HomeworkFor1-2Module.cpp')
  
C:\Users\PC\Desktop\Repos\23-Home-2\HomeworkFor1-2Module\HomeworkFor1-2Module\MatrixClass.h(449,19): warning C4244: '=': conversion from 'double' to 'int', possible loss of data
  (compiling source file 'HomeworkFor1-2Module.cpp')
  
C:\Users\PC\Desktop\Repos\23-Home-2\HomeworkFor1-2Module\HomeworkFor1-2Module\MatrixClass.h(416,21): warning C4018: '<': signed/unsigned mismatch
  (compiling source file 'HomeworkFor1-2Module.cpp')
  C:\Users\PC\Desktop\Repos\23-Home-2\HomeworkFor1-2Module\HomeworkFor1-2Module\MatrixClass.h(416,21):
  the template instantiation context (the oldest one first) is
  	C:\Users\PC\Desktop\Repos\23-Home-2\HomeworkFor1-2Module\HomeworkFor1-2Module\MatrixClass.h(413,7):
  	while compiling class template member function 'void MatrixClass<float>::CreateMatrix(void)'
  		C:\Users\PC\Desktop\Repos\23-Home-2\HomeworkFor1-2Module\HomeworkFor1-2Module\MatrixClass.h(73,15):
  		see the first reference to 'MatrixClass<float>::CreateMatrix' in 'MatrixClass<float>::ReadMatrixFromFile'
  		C:\Users\PC\Desktop\Repos\23-Home-2\HomeworkFor1-2Module\HomeworkFor1-2Module\HomeworkFor1-2Module.cpp(17,38):
  		see the first reference to 'MatrixClass<float>::ReadMatrixFromFile' in 'main'
  
C:\Users\PC\Desktop\Repos\23-Home-2\HomeworkFor1-2Module\HomeworkFor1-2Module\MatrixClass.h(375,26): warning C4244: '=': conversion from 'int' to 'float', possible loss of data
  (compiling source file 'HomeworkFor1-2Module.cpp')
  C:\Users\PC\Desktop\Repos\23-Home-2\HomeworkFor1-2Module\HomeworkFor1-2Module\MatrixClass.h(375,26):
  the template instantiation context (the oldest one first) is
  	C:\Users\PC\Desktop\Repos\23-Home-2\HomeworkFor1-2Module\HomeworkFor1-2Module\MatrixClass.h(365,7):
  	while compiling class template member function 'void MatrixClass<float>::InitializeMatrixFromFile(char *)'
  		C:\Users\PC\Desktop\Repos\23-Home-2\HomeworkFor1-2Module\HomeworkFor1-2Module\MatrixClass.h(75,27):
  		see the first reference to 'MatrixClass<float>::InitializeMatrixFromFile' in 'MatrixClass<float>::ReadMatrixFromFile'
  		C:\Users\PC\Desktop\Repos\23-Home-2\HomeworkFor1-2Module\HomeworkFor1-2Module\HomeworkFor1-2Module.cpp(17,38):
  		see the first reference to 'MatrixClass<float>::ReadMatrixFromFile' in 'main'
  
C:\Users\PC\Desktop\Repos\23-Home-2\HomeworkFor1-2Module\HomeworkFor1-2Module\MatrixClass.h(331,21): warning C4018: '<': signed/unsigned mismatch
  (compiling source file 'HomeworkFor1-2Module.cpp')
  C:\Users\PC\Desktop\Repos\23-Home-2\HomeworkFor1-2Module\HomeworkFor1-2Module\MatrixClass.h(331,21):
  the template instantiation context (the oldest one first) is
  	C:\Users\PC\Desktop\Repos\23-Home-2\HomeworkFor1-2Module\HomeworkFor1-2Module\MatrixClass.h(329,7):
  	while compiling class template member function 'void MatrixClass<float>::ZeroInitializeMatrix(void)'
  		C:\Users\PC\Desktop\Repos\23-Home-2\HomeworkFor1-2Module\HomeworkFor1-2Module\MatrixClass.h(460,36):
  		see the first reference to 'MatrixClass<float>::ZeroInitializeMatrix' in 'MatrixClass<float>::operator !'
  		C:\Users\PC\Desktop\Repos\23-Home-2\HomeworkFor1-2Module\HomeworkFor1-2Module\HomeworkFor1-2Module.cpp(12,24):
  		see the first reference to 'MatrixClass<float>::operator !' in 'main'
  
C:\Users\PC\Desktop\Repos\23-Home-2\HomeworkFor1-2Module\HomeworkFor1-2Module\MatrixClass.h(332,22): warning C4018: '<': signed/unsigned mismatch
  (compiling source file 'HomeworkFor1-2Module.cpp')
  
  MatrixClass.cpp
  Generating Code...
  HomeworkFor1-2Module.vcxproj -> C:\Users\PC\Desktop\Repos\23-Home-2\HomeworkFor1-2Module\x64\Debug\HomeworkFor1-2Module.exe
